  ImageProc.cpp
C:\Users\akshi\OneDrive\Documents\GitHub\DropSource2\DropSource\DS_CLR\ImageProc.cpp(89,56): warning C4244: 'argument': conversion from 'double' to '_Tp', possible loss of data
          with
          [
              _Tp=float
          ]
C:\Users\akshi\OneDrive\Documents\GitHub\DropSource2\DropSource\DS_CLR\ImageProc.cpp(89,33): warning C4244: 'argument': conversion from 'double' to '_Tp', possible loss of data
          with
          [
              _Tp=float
          ]
C:\Users\akshi\Google Drive\Thesis\opencv\build\include\opencv2\core\cuda.inl.hpp(105): warning C4793: 'cv::cuda::GpuMat::GpuMat': function compiled as native:
  	Found an intrinsic not supported in managed code
C:\Users\akshi\Google Drive\Thesis\opencv\build\include\opencv2\core\cuda.inl.hpp(395): warning C4793: 'cv::cuda::HostMem::HostMem': function compiled as native:
  	Found an intrinsic not supported in managed code
C:\Users\akshi\Google Drive\Thesis\opencv\build\include\opencv2\core\mat.inl.hpp(530): warning C4793: 'cv::Mat::Mat': function compiled as native:
  	Found an intrinsic not supported in managed code
C:\Users\akshi\Google Drive\Thesis\opencv\build\include\opencv2\core\fast_math.hpp(315): warning C4793: '`anonymous namespace'::cvRound': function compiled as native:
  	Found an intrinsic not supported in managed code
C:\Users\akshi\Google Drive\Thesis\opencv\build\include\opencv2\core\fast_math.hpp(316): warning C4793: '`anonymous namespace'::cvRound': function compiled as native:
  	Found an intrinsic not supported in managed code
C:\Users\akshi\Google Drive\Thesis\opencv\build\include\opencv2\core\mat.inl.hpp(850): warning C4793: 'cv::Mat::release': function compiled as native:
  	Found an intrinsic not supported in managed code
C:\Users\akshi\Google Drive\Thesis\opencv\build\include\opencv2\core\mat.inl.hpp(2181): warning C4793: 'cv::SparseMat::addref': function compiled as native:
  	Found an intrinsic not supported in managed code
C:\Users\akshi\Google Drive\Thesis\opencv\build\include\opencv2\core\mat.inl.hpp(3781): warning C4793: 'cv::UMat::addref': function compiled as native:
  	Found an intrinsic not supported in managed code
  DropSourceFrom.obj : MSIL module encountered; incremental linking is disabled for MSIL; performing full link
  DS_CLR.vcxproj -> C:\Users\akshi\OneDrive\Documents\GitHub\DropSource2\DropSource\x64\Debug\DS_CLR.exe
